{"/root/din/tang/apps/server/src/test-utils/test-app.ts": {"path":"/root/din/tang/apps/server/src/test-utils/test-app.ts","statementMap":{"0":{"start":{"line":5,"column":8},"end":{"line":5,"column":23}},"1":{"start":{"line":6,"column":2},"end":{"line":8,"column":null}},"2":{"start":{"line":7,"column":4},"end":{"line":7,"column":null}},"3":{"start":{"line":9,"column":2},"end":{"line":9,"column":null}}},"fnMap":{"0":{"name":"createTestApp","decl":{"start":{"line":4,"column":16},"end":{"line":4,"column":49}},"loc":{"start":{"line":4,"column":49},"end":{"line":9,"column":null}},"line":4},"1":{"name":"(anonymous_1)","decl":{"start":{"line":6,"column":10},"end":{"line":6,"column":22}},"loc":{"start":{"line":6,"column":36},"end":{"line":8,"column":null}},"line":6}},"branchMap":{},"s":{"0":1,"1":1,"2":1,"3":1},"f":{"0":1,"1":1},"b":{},"meta":{"lastBranch":0,"lastFunction":2,"lastStatement":4,"seen":{"f:4:16:4:49":0,"s:5:8:5:23":0,"s:6:2:8:Infinity":1,"f:6:10:6:22":1,"s:7:4:7:Infinity":2,"s:9:2:9:Infinity":3}}}
,"/root/din/tang/packages/shared/src/test-utils/createMockRecipe.ts": {"path":"/root/din/tang/packages/shared/src/test-utils/createMockRecipe.ts","statementMap":{"0":{"start":{"line":5,"column":23},"end":{"line":8,"column":null}},"1":{"start":{"line":9,"column":2},"end":{"line":9,"column":null}}},"fnMap":{"0":{"name":"createMockRecipe","decl":{"start":{"line":4,"column":16},"end":{"line":4,"column":33}},"loc":{"start":{"line":4,"column":68},"end":{"line":9,"column":null}},"line":4}},"branchMap":{"0":{"loc":{"start":{"line":9,"column":24},"end":{"line":9,"column":40}},"type":"binary-expr","locations":[{"start":{"line":9,"column":24},"end":{"line":9,"column":35}},{"start":{"line":9,"column":35},"end":{"line":9,"column":40}}],"line":9}},"s":{"0":1,"1":1},"f":{"0":1},"b":{"0":[1,0]},"meta":{"lastBranch":1,"lastFunction":1,"lastStatement":2,"seen":{"f:4:16:4:33":0,"s:5:23:8:Infinity":0,"s:9:2:9:Infinity":1,"b:9:24:9:35:9:35:9:40":0}}}
,"/root/din/tang/packages/shared/src/test-utils/createMockUser.ts": {"path":"/root/din/tang/packages/shared/src/test-utils/createMockUser.ts","statementMap":{"0":{"start":{"line":5,"column":21},"end":{"line":8,"column":null}},"1":{"start":{"line":9,"column":2},"end":{"line":9,"column":null}}},"fnMap":{"0":{"name":"createMockUser","decl":{"start":{"line":4,"column":16},"end":{"line":4,"column":31}},"loc":{"start":{"line":4,"column":62},"end":{"line":9,"column":null}},"line":4}},"branchMap":{"0":{"loc":{"start":{"line":9,"column":24},"end":{"line":9,"column":40}},"type":"binary-expr","locations":[{"start":{"line":9,"column":24},"end":{"line":9,"column":35}},{"start":{"line":9,"column":35},"end":{"line":9,"column":40}}],"line":9}},"s":{"0":1,"1":1},"f":{"0":1},"b":{"0":[1,0]},"meta":{"lastBranch":1,"lastFunction":1,"lastStatement":2,"seen":{"f:4:16:4:31":0,"s:5:21:8:Infinity":0,"s:9:2:9:Infinity":1,"b:9:24:9:35:9:35:9:40":0}}}
,"/root/din/tang/packages/shared/src/test-utils/index.ts": {"path":"/root/din/tang/packages/shared/src/test-utils/index.ts","statementMap":{},"fnMap":{},"branchMap":{},"s":{},"f":{},"b":{},"meta":{"lastBranch":0,"lastFunction":0,"lastStatement":0,"seen":{}}}
}
